빌드 시작: 2014-01-24 오후 2:25:36
     1>2 노드의 "G:\c언어\숙제\2주차\homework2-1 gg\homework2-1\homework2-1.vcxproj" 프로젝트(build 대상)입니다.
     1>InitializeBuildStatus:
         "AlwaysCreate"이(가) 지정되었기 때문에 "Debug\homework2-1.unsuccessfulbuild"을(를) 만들고 있습니다.
       ClCompile:
         C:\Program Files (x86)\Microsoft Visual Studio 10.0\VC\bin\CL.exe /c /ZI /nologo /W3 /WX- /Od /Oy- /D WIN32 /D _DEBUG /D _CONSOLE /D _UNICODE /D UNICODE /Gm /EHsc /RTC1 /MDd /GS /fp:precise /Zc:wchar_t /Zc:forScope /Fo"Debug\\" /Fd"Debug\vc100.pdb" /Gd /TC /analyze- /errorReport:prompt yunsan.c
         yunsan.c
     1>g:\c언어\숙제\2주차\homework2-1 gg\homework2-1\yunsan.c(7): warning C4996: 'scanf': This function or variable may be unsafe. Consider using scanf_s instead. To disable deprecation, use _CRT_SECURE_NO_WARNINGS. See online help for details.
                 c:\program files (x86)\microsoft visual studio 10.0\vc\include\stdio.h(304) : 'scanf' 선언을 참조하십시오.
     1>g:\c언어\숙제\2주차\homework2-1 gg\homework2-1\yunsan.c(10): warning C4996: 'scanf': This function or variable may be unsafe. Consider using scanf_s instead. To disable deprecation, use _CRT_SECURE_NO_WARNINGS. See online help for details.
                 c:\program files (x86)\microsoft visual studio 10.0\vc\include\stdio.h(304) : 'scanf' 선언을 참조하십시오.
     1>g:\c언어\숙제\2주차\homework2-1 gg\homework2-1\yunsan.c(13): warning C4996: 'scanf': This function or variable may be unsafe. Consider using scanf_s instead. To disable deprecation, use _CRT_SECURE_NO_WARNINGS. See online help for details.
                 c:\program files (x86)\microsoft visual studio 10.0\vc\include\stdio.h(304) : 'scanf' 선언을 참조하십시오.
     1>g:\c언어\숙제\2주차\homework2-1 gg\homework2-1\yunsan.c(15): error C2106: '=' : 왼쪽 피연산자는 l-value이어야 합니다.
     1>g:\c언어\숙제\2주차\homework2-1 gg\homework2-1\yunsan.c(18): error C2106: '=' : 왼쪽 피연산자는 l-value이어야 합니다.
     1>g:\c언어\숙제\2주차\homework2-1 gg\homework2-1\yunsan.c(21): error C2106: '=' : 왼쪽 피연산자는 l-value이어야 합니다.
     1>g:\c언어\숙제\2주차\homework2-1 gg\homework2-1\yunsan.c(24): error C2106: '=' : 왼쪽 피연산자는 l-value이어야 합니다.
     1>g:\c언어\숙제\2주차\homework2-1 gg\homework2-1\yunsan.c(27): error C2106: '=' : 왼쪽 피연산자는 l-value이어야 합니다.
     1>"G:\c언어\숙제\2주차\homework2-1 gg\homework2-1\homework2-1.vcxproj" 프로젝트를 빌드했습니다(build 대상). - 실패

빌드하지 못했습니다.

경과 시간: 00:00:01.11
