빌드 시작: 2014-01-20 오후 9:42:06
     1>2 노드의 "G:\c언어\숙제\2주차\homework2-3\homework2-3\homework2-3.vcxproj" 프로젝트(build 대상)입니다.
     1>InitializeBuildStatus:
         "Debug\homework2-3.unsuccessfulbuild"에 연결(touching)하고 있습니다.
       ClCompile:
         C:\Program Files (x86)\Microsoft Visual Studio 10.0\VC\bin\CL.exe /c /ZI /nologo /W3 /WX- /Od /Oy- /D WIN32 /D _DEBUG /D _CONSOLE /D _UNICODE /D UNICODE /Gm /EHsc /RTC1 /MDd /GS /fp:precise /Zc:wchar_t /Zc:forScope /Fo"Debug\\" /Fd"Debug\vc100.pdb" /Gd /TC /analyze- /errorReport:prompt 350baesu.c
         350baesu.c
     1>g:\c언어\숙제\2주차\homework2-3\homework2-3\350baesu.c(3): warning C4101: 'c' :참조되지 않은 지역 변수입니다.
       ManifestResourceCompile:
         모든 출력이 최신 상태입니다.
       Link:
         C:\Program Files (x86)\Microsoft Visual Studio 10.0\VC\bin\link.exe /ERRORREPORT:PROMPT /OUT:"G:\c언어\숙제\2주차\homework2-3\Debug\homework2-3.exe" /INCREMENTAL /NOLOGO kernel32.lib user32.lib gdi32.lib winspool.lib comdlg32.lib advapi32.lib shell32.lib ole32.lib oleaut32.lib uuid.lib odbc32.lib odbccp32.lib /MANIFEST /ManifestFile:"Debug\homework2-3.exe.intermediate.manifest" /MANIFESTUAC:"level='asInvoker' uiAccess='false'" /DEBUG /PDB:"G:\c언어\숙제\2주차\homework2-3\Debug\homework2-3.pdb" /SUBSYSTEM:CONSOLE /TLBID:1 /DYNAMICBASE /NXCOMPAT /IMPLIB:"G:\c언어\숙제\2주차\homework2-3\Debug\homework2-3.lib" /MACHINE:X86 "Debug\homework2-3.exe.embed.manifest.res"
         Debug\350baesu.obj
       Manifest:
         C:\Program Files (x86)\Microsoft SDKs\Windows\v7.0A\bin\mt.exe /nologo /verbose /out:"Debug\homework2-3.exe.embed.manifest" /manifest "Debug\homework2-3.exe.intermediate.manifest"
         모든 출력이 최신 상태입니다.
       LinkEmbedManifest:
         모든 출력이 최신 상태입니다.
         homework2-3.vcxproj -> G:\c언어\숙제\2주차\homework2-3\Debug\homework2-3.exe
       FinalizeBuildStatus:
         "Debug\homework2-3.unsuccessfulbuild" 파일을 삭제하고 있습니다.
         "Debug\homework2-3.lastbuildstate"에 연결(touching)하고 있습니다.
     1>"G:\c언어\숙제\2주차\homework2-3\homework2-3\homework2-3.vcxproj" 프로젝트를 빌드했습니다(build 대상).

빌드했습니다.

경과 시간: 00:00:06.02
